<?xml version="1.0" encoding="UTF-8"?>
<!-- Generated by org.testng.reporters.JUnitReportReporter -->
<testsuite hostname="DESKTOP-UCR3AVU" failures="0" tests="3" name="online.onvent.qa.testcases.RegisterPageTest" time="12.340" errors="0" timestamp="2023-04-19T14:54:10 IST" skipped="0">
  <testcase classname="online.onvent.qa.testcases.RegisterPageTest" name="VerifyregistrationStep1" time="0.554"/>
  <system-out/>
  <testcase classname="online.onvent.qa.testcases.RegisterPageTest" name="VerifyEmailVerificationCode" time="3.070"/>
  <system-out/>
  <testcase classname="online.onvent.qa.testcases.RegisterPageTest" name="VerifyregistrationStep2" time="8.716"/>
  <system-out/>
</testsuite> <!-- online.onvent.qa.testcases.RegisterPageTest -->
